<?xml version="1.0" encoding="UTF-8" standalone="no"?>
<!DOCTYPE log SYSTEM "logger.dtd">
<log>
<record>
  <date>2022-09-20T12:49:07.848927400Z</date>
  <millis>1663678147848</millis>
  <nanos>927400</nanos>
  <sequence>0</sequence>
  <logger>base.Setup</logger>
  <level>INFO</level>
  <class>base.Setup</class>
  <method>preparations</method>
  <thread>1</thread>
  <message>now logs toC:\Users\noam\Desktop\javadev\atidStoreTestign\reports and logs\logs.log</message>
</record>
<record>
  <date>2022-09-20T12:49:07.884929500Z</date>
  <millis>1663678147884</millis>
  <nanos>929500</nanos>
  <sequence>1</sequence>
  <logger>base.Setup</logger>
  <level>INFO</level>
  <class>base.Setup</class>
  <method>preparations</method>
  <thread>1</thread>
  <message>starting suite</message>
</record>
<record>
  <date>2022-09-20T12:49:07.887929500Z</date>
  <millis>1663678147887</millis>
  <nanos>929500</nanos>
  <sequence>2</sequence>
  <logger>base.Setup</logger>
  <level>INFO</level>
  <class>base.Setup</class>
  <method>preparations</method>
  <thread>1</thread>
  <message>config file loaded</message>
</record>
<record>
  <date>2022-09-20T12:49:10.482929Z</date>
  <millis>1663678150482</millis>
  <nanos>929000</nanos>
  <sequence>6</sequence>
  <logger>base.Setup</logger>
  <level>INFO</level>
  <class>base.Setup</class>
  <method>preparations</method>
  <thread>1</thread>
  <message>chrome started</message>
</record>
<record>
  <date>2022-09-20T12:49:14.418955Z</date>
  <millis>1663678154418</millis>
  <nanos>955000</nanos>
  <sequence>7</sequence>
  <logger>base.Setup</logger>
  <level>INFO</level>
  <class>base.Setup</class>
  <method>preparations</method>
  <thread>1</thread>
  <message>navigated to to : http://www.atid.store</message>
</record>
</log>
